<?xml version="1.0" encoding="UTF-8"?>
<!-- Generated by org.testng.reporters.JUnitXMLReporter -->
<testsuite hostname="amits-Air" name="Default test" tests="3" failures="0" timestamp="24 Sep 2016 10:41:45 GMT" time="71.401" errors="0">
  <testcase name="testLogin" time="25.302" classname="com.srivastava.datadrivenframework.LoginTest"/>
  <testcase name="testLogin" time="23.311" classname="com.srivastava.datadrivenframework.LoginTest"/>
  <testcase name="testLogin" time="22.477" classname="com.srivastava.datadrivenframework.LoginTest"/>
</testsuite> <!-- Default test -->
